mode: set
github.com/poolcamacho/auth-service/docs/docs.go:208.13,210.2 1 0
github.com/poolcamacho/auth-service/cmd/main.go:34.13,63.46 13 0
github.com/poolcamacho/auth-service/cmd/main.go:63.46,65.3 1 0
github.com/poolcamacho/auth-service/internal/repository/user_repository.go:34.51,36.2 1 0
github.com/poolcamacho/auth-service/internal/repository/user_repository.go:42.78,59.16 6 0
github.com/poolcamacho/auth-service/internal/repository/user_repository.go:59.16,61.3 1 0
github.com/poolcamacho/auth-service/internal/repository/user_repository.go:64.2,65.16 2 0
github.com/poolcamacho/auth-service/internal/repository/user_repository.go:65.16,67.3 1 0
github.com/poolcamacho/auth-service/internal/repository/user_repository.go:69.2,70.16 2 0
github.com/poolcamacho/auth-service/internal/repository/user_repository.go:70.16,72.3 1 0
github.com/poolcamacho/auth-service/internal/repository/user_repository.go:74.2,74.19 1 0
github.com/poolcamacho/auth-service/internal/repository/user_repository.go:81.62,85.2 3 0
github.com/poolcamacho/auth-service/internal/repository/user_repository_mock.go:14.78,16.48 2 0
github.com/poolcamacho/auth-service/internal/repository/user_repository_mock.go:16.48,18.3 1 0
github.com/poolcamacho/auth-service/internal/repository/user_repository_mock.go:19.2,19.27 1 0
github.com/poolcamacho/auth-service/internal/repository/user_repository_mock.go:23.62,26.2 2 0
github.com/poolcamacho/auth-service/pkg/db/db.go:15.34,17.16 2 0
github.com/poolcamacho/auth-service/pkg/db/db.go:17.16,19.3 1 0
github.com/poolcamacho/auth-service/pkg/db/db.go:20.2,20.11 1 0
github.com/poolcamacho/auth-service/pkg/config/config.go:20.21,26.2 1 0
github.com/poolcamacho/auth-service/pkg/config/config.go:34.42,35.48 1 0
github.com/poolcamacho/auth-service/pkg/config/config.go:35.48,37.3 1 0
github.com/poolcamacho/auth-service/pkg/config/config.go:38.2,38.17 1 0
github.com/poolcamacho/auth-service/pkg/utils/password.go:32.78,34.16 2 0
github.com/poolcamacho/auth-service/pkg/utils/password.go:34.16,36.3 1 0
github.com/poolcamacho/auth-service/pkg/utils/password.go:37.2,37.36 1 0
github.com/poolcamacho/auth-service/pkg/utils/password.go:45.90,47.2 1 0
github.com/poolcamacho/auth-service/pkg/utils/password_mock.go:12.75,15.2 2 0
github.com/poolcamacho/auth-service/pkg/utils/password_mock.go:17.87,20.2 2 0
github.com/poolcamacho/auth-service/pkg/utils/utils.go:6.39,8.2 1 0
github.com/poolcamacho/auth-service/pkg/utils/utils.go:11.49,12.26 1 0
github.com/poolcamacho/auth-service/pkg/utils/utils.go:12.26,13.16 1 0
github.com/poolcamacho/auth-service/pkg/utils/utils.go:13.16,15.4 1 0
github.com/poolcamacho/auth-service/pkg/utils/utils.go:17.2,17.14 1 0
github.com/poolcamacho/auth-service/pkg/logger/logger.go:13.13,17.2 3 0
github.com/poolcamacho/auth-service/pkg/jwt/jwt.go:13.76,16.2 2 0
github.com/poolcamacho/auth-service/pkg/jwt/jwt.go:25.81,26.83 1 0
github.com/poolcamacho/auth-service/pkg/jwt/jwt.go:26.83,27.58 1 0
github.com/poolcamacho/auth-service/pkg/jwt/jwt.go:27.58,29.4 1 0
github.com/poolcamacho/auth-service/pkg/jwt/jwt.go:30.3,30.32 1 0
github.com/poolcamacho/auth-service/pkg/jwt/jwt.go:33.2,33.16 1 0
github.com/poolcamacho/auth-service/pkg/jwt/jwt.go:33.16,35.3 1 0
github.com/poolcamacho/auth-service/pkg/jwt/jwt.go:37.2,38.25 2 0
github.com/poolcamacho/auth-service/pkg/jwt/jwt.go:38.25,40.3 1 0
github.com/poolcamacho/auth-service/pkg/jwt/jwt.go:42.2,42.20 1 0
github.com/poolcamacho/auth-service/internal/repository/user_repository.go:34.51,36.2 1 0
github.com/poolcamacho/auth-service/internal/repository/user_repository.go:42.78,59.16 6 0
github.com/poolcamacho/auth-service/internal/repository/user_repository.go:59.16,61.3 1 0
github.com/poolcamacho/auth-service/internal/repository/user_repository.go:64.2,65.16 2 0
github.com/poolcamacho/auth-service/internal/repository/user_repository.go:65.16,67.3 1 0
github.com/poolcamacho/auth-service/internal/repository/user_repository.go:69.2,70.16 2 0
github.com/poolcamacho/auth-service/internal/repository/user_repository.go:70.16,72.3 1 0
github.com/poolcamacho/auth-service/internal/repository/user_repository.go:74.2,74.19 1 0
github.com/poolcamacho/auth-service/internal/repository/user_repository.go:81.62,85.2 3 0
github.com/poolcamacho/auth-service/internal/repository/user_repository_mock.go:14.78,16.48 2 1
github.com/poolcamacho/auth-service/internal/repository/user_repository_mock.go:16.48,18.3 1 1
github.com/poolcamacho/auth-service/internal/repository/user_repository_mock.go:19.2,19.27 1 1
github.com/poolcamacho/auth-service/internal/repository/user_repository_mock.go:23.62,26.2 2 1
github.com/poolcamacho/auth-service/internal/service/auth_service.go:30.120,36.2 1 1
github.com/poolcamacho/auth-service/internal/service/auth_service.go:39.61,42.16 2 1
github.com/poolcamacho/auth-service/internal/service/auth_service.go:42.16,44.3 1 1
github.com/poolcamacho/auth-service/internal/service/auth_service.go:47.2,50.28 2 1
github.com/poolcamacho/auth-service/internal/service/auth_service.go:54.73,57.16 2 1
github.com/poolcamacho/auth-service/internal/service/auth_service.go:57.16,59.3 1 1
github.com/poolcamacho/auth-service/internal/service/auth_service.go:62.2,63.16 2 1
github.com/poolcamacho/auth-service/internal/service/auth_service.go:63.16,65.3 1 1
github.com/poolcamacho/auth-service/internal/service/auth_service.go:68.2,77.16 3 1
github.com/poolcamacho/auth-service/internal/service/auth_service.go:77.16,79.3 1 0
github.com/poolcamacho/auth-service/internal/service/auth_service.go:81.2,81.19 1 1
github.com/poolcamacho/auth-service/internal/service/auth_service_mock.go:14.61,17.2 2 0
github.com/poolcamacho/auth-service/internal/service/auth_service_mock.go:20.73,23.2 2 0
github.com/poolcamacho/auth-service/pkg/jwt/jwt.go:13.76,16.2 2 1
github.com/poolcamacho/auth-service/pkg/jwt/jwt.go:25.81,26.83 1 0
github.com/poolcamacho/auth-service/pkg/jwt/jwt.go:26.83,27.58 1 0
github.com/poolcamacho/auth-service/pkg/jwt/jwt.go:27.58,29.4 1 0
github.com/poolcamacho/auth-service/pkg/jwt/jwt.go:30.3,30.32 1 0
github.com/poolcamacho/auth-service/pkg/jwt/jwt.go:33.2,33.16 1 0
github.com/poolcamacho/auth-service/pkg/jwt/jwt.go:33.16,35.3 1 0
github.com/poolcamacho/auth-service/pkg/jwt/jwt.go:37.2,38.25 2 0
github.com/poolcamacho/auth-service/pkg/jwt/jwt.go:38.25,40.3 1 0
github.com/poolcamacho/auth-service/pkg/jwt/jwt.go:42.2,42.20 1 0
github.com/poolcamacho/auth-service/pkg/utils/password.go:32.78,34.16 2 0
github.com/poolcamacho/auth-service/pkg/utils/password.go:34.16,36.3 1 0
github.com/poolcamacho/auth-service/pkg/utils/password.go:37.2,37.36 1 0
github.com/poolcamacho/auth-service/pkg/utils/password.go:45.90,47.2 1 0
github.com/poolcamacho/auth-service/pkg/utils/password_mock.go:12.75,15.2 2 0
github.com/poolcamacho/auth-service/pkg/utils/password_mock.go:17.87,20.2 2 0
github.com/poolcamacho/auth-service/pkg/utils/utils.go:6.39,8.2 1 0
github.com/poolcamacho/auth-service/pkg/utils/utils.go:11.49,12.26 1 0
github.com/poolcamacho/auth-service/pkg/utils/utils.go:12.26,13.16 1 0
github.com/poolcamacho/auth-service/pkg/utils/utils.go:13.16,15.4 1 0
github.com/poolcamacho/auth-service/pkg/utils/utils.go:17.2,17.14 1 0
github.com/poolcamacho/auth-service/internal/repository/user_repository.go:34.51,36.2 1 0
github.com/poolcamacho/auth-service/internal/repository/user_repository.go:42.78,59.16 6 0
github.com/poolcamacho/auth-service/internal/repository/user_repository.go:59.16,61.3 1 0
github.com/poolcamacho/auth-service/internal/repository/user_repository.go:64.2,65.16 2 0
github.com/poolcamacho/auth-service/internal/repository/user_repository.go:65.16,67.3 1 0
github.com/poolcamacho/auth-service/internal/repository/user_repository.go:69.2,70.16 2 0
github.com/poolcamacho/auth-service/internal/repository/user_repository.go:70.16,72.3 1 0
github.com/poolcamacho/auth-service/internal/repository/user_repository.go:74.2,74.19 1 0
github.com/poolcamacho/auth-service/internal/repository/user_repository.go:81.62,85.2 3 0
github.com/poolcamacho/auth-service/internal/repository/user_repository_mock.go:14.78,16.48 2 0
github.com/poolcamacho/auth-service/internal/repository/user_repository_mock.go:16.48,18.3 1 0
github.com/poolcamacho/auth-service/internal/repository/user_repository_mock.go:19.2,19.27 1 0
github.com/poolcamacho/auth-service/internal/repository/user_repository_mock.go:23.62,26.2 2 0
github.com/poolcamacho/auth-service/internal/transport/http.go:17.67,19.2 1 1
github.com/poolcamacho/auth-service/internal/transport/http.go:28.51,30.2 1 0
github.com/poolcamacho/auth-service/internal/transport/http.go:43.48,45.47 2 1
github.com/poolcamacho/auth-service/internal/transport/http.go:45.47,48.3 2 0
github.com/poolcamacho/auth-service/internal/transport/http.go:51.2,59.53 2 1
github.com/poolcamacho/auth-service/internal/transport/http.go:59.53,62.3 2 0
github.com/poolcamacho/auth-service/internal/transport/http.go:64.2,64.78 1 1
github.com/poolcamacho/auth-service/internal/transport/http.go:78.45,80.55 2 1
github.com/poolcamacho/auth-service/internal/transport/http.go:80.55,83.3 2 0
github.com/poolcamacho/auth-service/internal/transport/http.go:85.2,86.16 2 1
github.com/poolcamacho/auth-service/internal/transport/http.go:86.16,89.3 2 1
github.com/poolcamacho/auth-service/internal/transport/http.go:91.2,91.76 1 1
github.com/poolcamacho/auth-service/pkg/jwt/jwt.go:13.76,16.2 2 0
github.com/poolcamacho/auth-service/pkg/jwt/jwt.go:25.81,26.83 1 0
github.com/poolcamacho/auth-service/pkg/jwt/jwt.go:26.83,27.58 1 0
github.com/poolcamacho/auth-service/pkg/jwt/jwt.go:27.58,29.4 1 0
github.com/poolcamacho/auth-service/pkg/jwt/jwt.go:30.3,30.32 1 0
github.com/poolcamacho/auth-service/pkg/jwt/jwt.go:33.2,33.16 1 0
github.com/poolcamacho/auth-service/pkg/jwt/jwt.go:33.16,35.3 1 0
github.com/poolcamacho/auth-service/pkg/jwt/jwt.go:37.2,38.25 2 0
github.com/poolcamacho/auth-service/pkg/jwt/jwt.go:38.25,40.3 1 0
github.com/poolcamacho/auth-service/pkg/jwt/jwt.go:42.2,42.20 1 0
github.com/poolcamacho/auth-service/pkg/utils/password.go:32.78,34.16 2 0
github.com/poolcamacho/auth-service/pkg/utils/password.go:34.16,36.3 1 0
github.com/poolcamacho/auth-service/pkg/utils/password.go:37.2,37.36 1 0
github.com/poolcamacho/auth-service/pkg/utils/password.go:45.90,47.2 1 0
github.com/poolcamacho/auth-service/pkg/utils/password_mock.go:12.75,15.2 2 0
github.com/poolcamacho/auth-service/pkg/utils/password_mock.go:17.87,20.2 2 0
github.com/poolcamacho/auth-service/pkg/utils/utils.go:6.39,8.2 1 0
github.com/poolcamacho/auth-service/pkg/utils/utils.go:11.49,12.26 1 0
github.com/poolcamacho/auth-service/pkg/utils/utils.go:12.26,13.16 1 0
github.com/poolcamacho/auth-service/pkg/utils/utils.go:13.16,15.4 1 0
github.com/poolcamacho/auth-service/pkg/utils/utils.go:17.2,17.14 1 0
