mode: set
github.com/poolcamacho/jobs-service/internal/repository/job_repository.go:30.49,32.2 1 0
github.com/poolcamacho/jobs-service/internal/repository/job_repository.go:38.62,41.16 3 0
github.com/poolcamacho/jobs-service/internal/repository/job_repository.go:41.16,43.3 1 0
github.com/poolcamacho/jobs-service/internal/repository/job_repository.go:44.2,47.18 3 0
github.com/poolcamacho/jobs-service/internal/repository/job_repository.go:47.18,51.116 3 0
github.com/poolcamacho/jobs-service/internal/repository/job_repository.go:51.116,53.4 1 0
github.com/poolcamacho/jobs-service/internal/repository/job_repository.go:55.3,57.28 3 0
github.com/poolcamacho/jobs-service/internal/repository/job_repository.go:59.2,59.18 1 0
github.com/poolcamacho/jobs-service/internal/repository/job_repository.go:66.59,70.2 3 0
github.com/poolcamacho/jobs-service/internal/repository/job_repository_mock.go:15.62,17.49 2 0
github.com/poolcamacho/jobs-service/internal/repository/job_repository_mock.go:17.49,19.3 1 0
github.com/poolcamacho/jobs-service/internal/repository/job_repository_mock.go:20.2,20.27 1 0
github.com/poolcamacho/jobs-service/internal/repository/job_repository_mock.go:25.59,28.2 2 0
github.com/poolcamacho/jobs-service/docs/docs.go:183.13,185.2 1 0
github.com/poolcamacho/jobs-service/cmd/main.go:31.13,69.46 12 0
github.com/poolcamacho/jobs-service/cmd/main.go:69.46,71.3 1 0
github.com/poolcamacho/jobs-service/pkg/db/db.go:15.34,17.16 2 0
github.com/poolcamacho/jobs-service/pkg/db/db.go:17.16,19.3 1 0
github.com/poolcamacho/jobs-service/pkg/db/db.go:20.2,20.11 1 0
github.com/poolcamacho/jobs-service/pkg/config/config.go:20.21,26.2 1 0
github.com/poolcamacho/jobs-service/pkg/config/config.go:34.42,35.48 1 0
github.com/poolcamacho/jobs-service/pkg/config/config.go:35.48,37.3 1 0
github.com/poolcamacho/jobs-service/pkg/config/config.go:38.2,38.17 1 0
github.com/poolcamacho/jobs-service/pkg/utils/password.go:32.78,34.16 2 0
github.com/poolcamacho/jobs-service/pkg/utils/password.go:34.16,36.3 1 0
github.com/poolcamacho/jobs-service/pkg/utils/password.go:37.2,37.36 1 0
github.com/poolcamacho/jobs-service/pkg/utils/password.go:45.90,47.2 1 0
github.com/poolcamacho/jobs-service/pkg/utils/password_mock.go:12.75,15.2 2 0
github.com/poolcamacho/jobs-service/pkg/utils/password_mock.go:17.87,20.2 2 0
github.com/poolcamacho/jobs-service/pkg/utils/utils.go:9.39,11.2 1 0
github.com/poolcamacho/jobs-service/pkg/utils/utils.go:18.49,19.26 1 0
github.com/poolcamacho/jobs-service/pkg/utils/utils.go:19.26,20.16 1 0
github.com/poolcamacho/jobs-service/pkg/utils/utils.go:20.16,22.4 1 0
github.com/poolcamacho/jobs-service/pkg/utils/utils.go:24.2,24.14 1 0
github.com/poolcamacho/jobs-service/pkg/jwt/jwt.go:17.76,20.2 2 0
github.com/poolcamacho/jobs-service/pkg/jwt/jwt.go:29.81,30.83 1 0
github.com/poolcamacho/jobs-service/pkg/jwt/jwt.go:30.83,31.58 1 0
github.com/poolcamacho/jobs-service/pkg/jwt/jwt.go:31.58,33.4 1 0
github.com/poolcamacho/jobs-service/pkg/jwt/jwt.go:34.3,34.32 1 0
github.com/poolcamacho/jobs-service/pkg/jwt/jwt.go:37.2,37.16 1 0
github.com/poolcamacho/jobs-service/pkg/jwt/jwt.go:37.16,39.3 1 0
github.com/poolcamacho/jobs-service/pkg/jwt/jwt.go:41.2,42.25 2 0
github.com/poolcamacho/jobs-service/pkg/jwt/jwt.go:42.25,44.3 1 0
github.com/poolcamacho/jobs-service/pkg/jwt/jwt.go:46.2,46.20 1 0
github.com/poolcamacho/jobs-service/pkg/jwt/jwt.go:53.55,54.30 1 0
github.com/poolcamacho/jobs-service/pkg/jwt/jwt.go:54.30,57.23 2 0
github.com/poolcamacho/jobs-service/pkg/jwt/jwt.go:57.23,61.4 3 0
github.com/poolcamacho/jobs-service/pkg/jwt/jwt.go:64.3,65.63 2 0
github.com/poolcamacho/jobs-service/pkg/jwt/jwt.go:65.63,69.4 3 0
github.com/poolcamacho/jobs-service/pkg/jwt/jwt.go:72.3,74.17 3 0
github.com/poolcamacho/jobs-service/pkg/jwt/jwt.go:74.17,78.4 3 0
github.com/poolcamacho/jobs-service/pkg/jwt/jwt.go:81.3,84.11 2 0
github.com/poolcamacho/jobs-service/pkg/logger/logger.go:13.13,17.2 3 0
github.com/poolcamacho/jobs-service/internal/repository/job_repository.go:30.49,32.2 1 0
github.com/poolcamacho/jobs-service/internal/repository/job_repository.go:38.62,41.16 3 0
github.com/poolcamacho/jobs-service/internal/repository/job_repository.go:41.16,43.3 1 0
github.com/poolcamacho/jobs-service/internal/repository/job_repository.go:44.2,47.18 3 0
github.com/poolcamacho/jobs-service/internal/repository/job_repository.go:47.18,51.116 3 0
github.com/poolcamacho/jobs-service/internal/repository/job_repository.go:51.116,53.4 1 0
github.com/poolcamacho/jobs-service/internal/repository/job_repository.go:55.3,57.28 3 0
github.com/poolcamacho/jobs-service/internal/repository/job_repository.go:59.2,59.18 1 0
github.com/poolcamacho/jobs-service/internal/repository/job_repository.go:66.59,70.2 3 0
github.com/poolcamacho/jobs-service/internal/repository/job_repository_mock.go:15.62,17.49 2 1
github.com/poolcamacho/jobs-service/internal/repository/job_repository_mock.go:17.49,19.3 1 1
github.com/poolcamacho/jobs-service/internal/repository/job_repository_mock.go:20.2,20.27 1 0
github.com/poolcamacho/jobs-service/internal/repository/job_repository_mock.go:25.59,28.2 2 1
github.com/poolcamacho/jobs-service/internal/service/job_service.go:22.62,24.2 1 1
github.com/poolcamacho/jobs-service/internal/service/job_service.go:30.62,32.2 1 1
github.com/poolcamacho/jobs-service/internal/service/job_service.go:38.56,40.2 1 1
github.com/poolcamacho/jobs-service/internal/service/job_service_mock.go:16.62,18.49 2 0
github.com/poolcamacho/jobs-service/internal/service/job_service_mock.go:18.49,20.3 1 0
github.com/poolcamacho/jobs-service/internal/service/job_service_mock.go:21.2,21.27 1 0
github.com/poolcamacho/jobs-service/internal/service/job_service_mock.go:27.56,30.2 2 0
github.com/poolcamacho/jobs-service/internal/repository/job_repository.go:30.49,32.2 1 0
github.com/poolcamacho/jobs-service/internal/repository/job_repository.go:38.62,41.16 3 0
github.com/poolcamacho/jobs-service/internal/repository/job_repository.go:41.16,43.3 1 0
github.com/poolcamacho/jobs-service/internal/repository/job_repository.go:44.2,47.18 3 0
github.com/poolcamacho/jobs-service/internal/repository/job_repository.go:47.18,51.116 3 0
github.com/poolcamacho/jobs-service/internal/repository/job_repository.go:51.116,53.4 1 0
github.com/poolcamacho/jobs-service/internal/repository/job_repository.go:55.3,57.28 3 0
github.com/poolcamacho/jobs-service/internal/repository/job_repository.go:59.2,59.18 1 0
github.com/poolcamacho/jobs-service/internal/repository/job_repository.go:66.59,70.2 3 0
github.com/poolcamacho/jobs-service/internal/repository/job_repository_mock.go:15.62,17.49 2 0
github.com/poolcamacho/jobs-service/internal/repository/job_repository_mock.go:17.49,19.3 1 0
github.com/poolcamacho/jobs-service/internal/repository/job_repository_mock.go:20.2,20.27 1 0
github.com/poolcamacho/jobs-service/internal/repository/job_repository_mock.go:25.59,28.2 2 0
github.com/poolcamacho/jobs-service/internal/transport/http.go:19.60,21.2 1 1
github.com/poolcamacho/jobs-service/internal/transport/http.go:30.50,33.2 1 0
github.com/poolcamacho/jobs-service/internal/transport/http.go:43.46,46.16 2 1
github.com/poolcamacho/jobs-service/internal/transport/http.go:46.16,50.3 2 1
github.com/poolcamacho/jobs-service/internal/transport/http.go:52.2,52.29 1 1
github.com/poolcamacho/jobs-service/internal/transport/http.go:66.48,69.47 2 1
github.com/poolcamacho/jobs-service/internal/transport/http.go:69.47,73.3 2 0
github.com/poolcamacho/jobs-service/internal/transport/http.go:76.2,76.46 1 1
github.com/poolcamacho/jobs-service/internal/transport/http.go:76.46,79.3 2 1
github.com/poolcamacho/jobs-service/internal/transport/http.go:82.2,82.47 1 1
github.com/poolcamacho/jobs-service/internal/transport/http.go:82.47,86.3 2 0
github.com/poolcamacho/jobs-service/internal/transport/http.go:89.2,89.74 1 1
